<?xml version="1.0" encoding="UTF-8"?>
<!-- Generated by org.testng.reporters.JUnitReportReporter -->
<testsuite hostname="DESKTOP-LKRLMEA" failures="0" tests="1" name="testScript.MenModuleTest" time="36.815" errors="0" timestamp="2024-04-29T00:07:00 GMT-07:00" skipped="0">
  <testcase classname="testScript.MenModuleTest" name="Men_04" time="36.815"/>
</testsuite> <!-- testScript.MenModuleTest -->
