<?xml version="1.0" encoding="UTF-8"?>
<!-- Generated by org.testng.reporters.JUnitReportReporter -->
<testsuite hostname="DESKTOP-LKRLMEA" failures="0" tests="1" name="testScript.SigninTest" time="24.337" errors="0" timestamp="2024-04-27T18:01:02 GMT-07:00" skipped="0">
  <testcase classname="testScript.SigninTest" name="Signin_02" time="24.337"/>
</testsuite> <!-- testScript.SigninTest -->
