<?xml version="1.0" encoding="UTF-8"?>
<!-- Generated by org.testng.reporters.JUnitReportReporter -->
<testsuite hostname="DESKTOP-LKRLMEA" failures="0" tests="1" name="testScript.CartPageTest" time="35.974" errors="0" timestamp="2024-04-30T00:24:20 GMT-07:00" skipped="0">
  <testcase classname="testScript.CartPageTest" name="Cart_01" time="35.974"/>
</testsuite> <!-- testScript.CartPageTest -->
